c:\users\phili\desktop\fh_salzburg\_semester_3\objektorientirte_programmierung\labor\aufgaben\oop21_b_07_vidmar_philipp\oop21_b_07_vidmar_philipp\debug\vc142.pdb
c:\users\phili\desktop\fh_salzburg\_semester_3\objektorientirte_programmierung\labor\aufgaben\oop21_b_07_vidmar_philipp\oop21_b_07_vidmar_philipp\debug\vc142.idb
c:\users\phili\desktop\fh_salzburg\_semester_3\objektorientirte_programmierung\labor\aufgaben\oop21_b_07_vidmar_philipp\oop21_b_07_vidmar_philipp\debug\oop21_b_07_vidmar_philipp.obj
c:\users\phili\desktop\fh_salzburg\_semester_3\objektorientirte_programmierung\labor\aufgaben\oop21_b_07_vidmar_philipp\oop21_b_07_vidmar_philipp\debug\iuniqueid.obj
c:\users\phili\desktop\fh_salzburg\_semester_3\objektorientirte_programmierung\labor\aufgaben\oop21_b_07_vidmar_philipp\oop21_b_07_vidmar_philipp\debug\igeomobj.obj
c:\users\phili\desktop\fh_salzburg\_semester_3\objektorientirte_programmierung\labor\aufgaben\oop21_b_07_vidmar_philipp\oop21_b_07_vidmar_philipp\debug\geotriangle.obj
c:\users\phili\desktop\fh_salzburg\_semester_3\objektorientirte_programmierung\labor\aufgaben\oop21_b_07_vidmar_philipp\oop21_b_07_vidmar_philipp\debug\geosquare.obj
c:\users\phili\desktop\fh_salzburg\_semester_3\objektorientirte_programmierung\labor\aufgaben\oop21_b_07_vidmar_philipp\oop21_b_07_vidmar_philipp\debug\georect.obj
c:\users\phili\desktop\fh_salzburg\_semester_3\objektorientirte_programmierung\labor\aufgaben\oop21_b_07_vidmar_philipp\oop21_b_07_vidmar_philipp\debug\geohouse.obj
c:\users\phili\desktop\fh_salzburg\_semester_3\objektorientirte_programmierung\labor\aufgaben\oop21_b_07_vidmar_philipp\oop21_b_07_vidmar_philipp\debug\geoellipse.obj
c:\users\phili\desktop\fh_salzburg\_semester_3\objektorientirte_programmierung\labor\aufgaben\oop21_b_07_vidmar_philipp\oop21_b_07_vidmar_philipp\debug\geocontainer.obj
c:\users\phili\desktop\fh_salzburg\_semester_3\objektorientirte_programmierung\labor\aufgaben\oop21_b_07_vidmar_philipp\oop21_b_07_vidmar_philipp\debug\geocirlce.obj
c:\users\phili\desktop\fh_salzburg\_semester_3\objektorientirte_programmierung\labor\aufgaben\oop21_b_07_vidmar_philipp\oop21_b_07_vidmar_philipp\debug\oop21_b_07_vidmar_philipp.exe
c:\users\phili\desktop\fh_salzburg\_semester_3\objektorientirte_programmierung\labor\aufgaben\oop21_b_07_vidmar_philipp\oop21_b_07_vidmar_philipp\debug\oop21_b_07_vidmar_philipp.ilk
c:\users\phili\desktop\fh_salzburg\_semester_3\objektorientirte_programmierung\labor\aufgaben\oop21_b_07_vidmar_philipp\oop21_b_07_vidmar_philipp\debug\oop21_b_07_vidmar_philipp.pdb
c:\users\phili\desktop\fh_salzburg\_semester_3\objektorientirte_programmierung\labor\aufgaben\oop21_b_07_vidmar_philipp\oop21_b_07_vidmar_philipp\debug\oop21_b_.cc20be12.tlog\cl.command.1.tlog
c:\users\phili\desktop\fh_salzburg\_semester_3\objektorientirte_programmierung\labor\aufgaben\oop21_b_07_vidmar_philipp\oop21_b_07_vidmar_philipp\debug\oop21_b_.cc20be12.tlog\cl.read.1.tlog
c:\users\phili\desktop\fh_salzburg\_semester_3\objektorientirte_programmierung\labor\aufgaben\oop21_b_07_vidmar_philipp\oop21_b_07_vidmar_philipp\debug\oop21_b_.cc20be12.tlog\cl.write.1.tlog
c:\users\phili\desktop\fh_salzburg\_semester_3\objektorientirte_programmierung\labor\aufgaben\oop21_b_07_vidmar_philipp\oop21_b_07_vidmar_philipp\debug\oop21_b_.cc20be12.tlog\link.command.1.tlog
c:\users\phili\desktop\fh_salzburg\_semester_3\objektorientirte_programmierung\labor\aufgaben\oop21_b_07_vidmar_philipp\oop21_b_07_vidmar_philipp\debug\oop21_b_.cc20be12.tlog\link.read.1.tlog
c:\users\phili\desktop\fh_salzburg\_semester_3\objektorientirte_programmierung\labor\aufgaben\oop21_b_07_vidmar_philipp\oop21_b_07_vidmar_philipp\debug\oop21_b_.cc20be12.tlog\link.write.1.tlog
