c:\users\phili\desktop\fh_salzburg\_semester_3\objektorientirte_programmierung\labor\aufgaben\oop21_b_11_vidmar_philipp\consoleapplication1\debug\vc142.pdb
c:\users\phili\desktop\fh_salzburg\_semester_3\objektorientirte_programmierung\labor\aufgaben\oop21_b_11_vidmar_philipp\consoleapplication1\debug\vc142.idb
c:\users\phili\desktop\fh_salzburg\_semester_3\objektorientirte_programmierung\labor\aufgaben\oop21_b_11_vidmar_philipp\consoleapplication1\debug\dcomplex.obj
c:\users\phili\desktop\fh_salzburg\_semester_3\objektorientirte_programmierung\labor\aufgaben\oop21_b_11_vidmar_philipp\consoleapplication1\debug\complex.obj
c:\users\phili\desktop\fh_salzburg\_semester_3\objektorientirte_programmierung\labor\aufgaben\oop21_b_11_vidmar_philipp\consoleapplication1\debug\fixedqueue.obj
c:\users\phili\desktop\fh_salzburg\_semester_3\objektorientirte_programmierung\labor\aufgaben\oop21_b_11_vidmar_philipp\consoleapplication1\debug\oop21_b_11_main.obj
c:\users\phili\desktop\fh_salzburg\_semester_3\objektorientirte_programmierung\labor\aufgaben\oop21_b_11_vidmar_philipp\consoleapplication1\debug\oop21_b_11_vidmar_philipp.exe
c:\users\phili\desktop\fh_salzburg\_semester_3\objektorientirte_programmierung\labor\aufgaben\oop21_b_11_vidmar_philipp\consoleapplication1\debug\oop21_b_11_vidmar_philipp.ilk
c:\users\phili\desktop\fh_salzburg\_semester_3\objektorientirte_programmierung\labor\aufgaben\oop21_b_11_vidmar_philipp\consoleapplication1\debug\oop21_b_11_vidmar_philipp.pdb
c:\users\phili\desktop\fh_salzburg\_semester_3\objektorientirte_programmierung\labor\aufgaben\oop21_b_11_vidmar_philipp\consoleapplication1\debug\consoleapplication1.obj
c:\users\phili\desktop\fh_salzburg\_semester_3\objektorientirte_programmierung\labor\aufgaben\oop21_b_11_vidmar_philipp\consoleapplication1\debug\oop21_b_11_vidmar_philipp.obj
c:\users\phili\desktop\fh_salzburg\_semester_3\objektorientirte_programmierung\labor\aufgaben\oop21_b_11_vidmar_philipp\consoleapplication1\debug\fixedqueue.obj.enc
c:\users\phili\desktop\fh_salzburg\_semester_3\objektorientirte_programmierung\labor\aufgaben\oop21_b_11_vidmar_philipp\consoleapplication1\debug\consoleapplication1.ilk
c:\users\phili\desktop\fh_salzburg\_semester_3\objektorientirte_programmierung\labor\aufgaben\oop21_b_11_vidmar_philipp\consoleapplication1\debug\consoleapplication1.pdb
c:\users\phili\desktop\fh_salzburg\_semester_3\objektorientirte_programmierung\labor\aufgaben\oop21_b_11_vidmar_philipp\consoleapplication1\debug\oop21_b_.8d37ad5c.tlog\cl.command.1.tlog
c:\users\phili\desktop\fh_salzburg\_semester_3\objektorientirte_programmierung\labor\aufgaben\oop21_b_11_vidmar_philipp\consoleapplication1\debug\oop21_b_.8d37ad5c.tlog\cl.read.1.tlog
c:\users\phili\desktop\fh_salzburg\_semester_3\objektorientirte_programmierung\labor\aufgaben\oop21_b_11_vidmar_philipp\consoleapplication1\debug\oop21_b_.8d37ad5c.tlog\cl.write.1.tlog
c:\users\phili\desktop\fh_salzburg\_semester_3\objektorientirte_programmierung\labor\aufgaben\oop21_b_11_vidmar_philipp\consoleapplication1\debug\oop21_b_.8d37ad5c.tlog\link.command.1.tlog
c:\users\phili\desktop\fh_salzburg\_semester_3\objektorientirte_programmierung\labor\aufgaben\oop21_b_11_vidmar_philipp\consoleapplication1\debug\oop21_b_.8d37ad5c.tlog\link.read.1.tlog
c:\users\phili\desktop\fh_salzburg\_semester_3\objektorientirte_programmierung\labor\aufgaben\oop21_b_11_vidmar_philipp\consoleapplication1\debug\oop21_b_.8d37ad5c.tlog\link.write.1.tlog
